Performing Test Weak Link MODULE -> SHARED (gnu_ld_ignore) failed with the following output:
BUILD
-----
Change Dir: F:/jhc/pysilk/_skbuild/win-amd64-3.8/cmake-build/CMakeTmp/link_flags/gnu_ld_ignore/MODULE/SHARED/build

Run Build Command(s):E:/Anaconda3/Library/bin/ninja.exe && [1/6] Building C object CMakeFiles\number.dir\number.c.obj
[2/6] Building C object CMakeFiles\counter.dir\counter.c.obj
[3/6] Building C object CMakeFiles\main.dir\main.c.obj
FAILED: CMakeFiles/main.dir/main.c.obj 
F:\vs2017\VC\Tools\MSVC\14.16.27023\bin\Hostx86\x64\cl.exe  /nologo -Dmain_EXPORTS -IF:\jhc\pysilk\_skbuild\win-amd64-3.8\cmake-build\CMakeTmp\link_flags\gnu_ld_ignore\MODULE\SHARED\src /DWIN32 /D_WINDOWS /Zi /Ob0 /Od /RTC1 -MDd /showIncludes /FoCMakeFiles\main.dir\main.c.obj /FdCMakeFiles\main.dir\ /FS -c F:\jhc\pysilk\_skbuild\win-amd64-3.8\cmake-build\CMakeTmp\link_flags\gnu_ld_ignore\MODULE\SHARED\src\main.c
F:\jhc\pysilk\_skbuild\win-amd64-3.8\cmake-build\CMakeTmp\link_flags\gnu_ld_ignore\MODULE\SHARED\src\main.c(6): fatal error C1083: 无法打开包括文件: “dlfcn.h”: No such file or directory
[4/6] Linking C shared module counter.dll
FAILED: counter.dll 
cmd.exe /C "cd . && E:\Anaconda3\Library\bin\cmake.exe -E vs_link_dll --intdir=CMakeFiles\counter.dir --rc=F:\WINDOW~1\10\bin\100177~1.0\x86\rc.exe --mt=F:\WINDOW~1\10\bin\100177~1.0\x86\mt.exe --manifests  -- F:\vs2017\VC\Tools\MSVC\14.16.27023\bin\Hostx86\x64\link.exe /nologo CMakeFiles\counter.dir\counter.c.obj  /out:counter.dll /implib:counter.lib /pdb:counter.pdb /dll /version:0.0 /machine:x64 /debug /INCREMENTAL -Wl,--unresolved-symbols=ignore-all  kernel32.lib user32.lib gdi32.lib winspool.lib shell32.lib ole32.lib oleaut32.lib uuid.lib comdlg32.lib advapi32.lib  && cd ."
LINK Pass 1: command "F:\vs2017\VC\Tools\MSVC\14.16.27023\bin\Hostx86\x64\link.exe /nologo CMakeFiles\counter.dir\counter.c.obj /out:counter.dll /implib:counter.lib /pdb:counter.pdb /dll /version:0.0 /machine:x64 /debug /INCREMENTAL -Wl,--unresolved-symbols=ignore-all kernel32.lib user32.lib gdi32.lib winspool.lib shell32.lib ole32.lib oleaut32.lib uuid.lib comdlg32.lib advapi32.lib /MANIFEST /MANIFESTFILE:CMakeFiles\counter.dir/intermediate.manifest CMakeFiles\counter.dir/manifest.res" failed (exit code 1120) with the following output:
LINK : warning LNK4044: 无法识别的选项“/Wl,--unresolved-symbols=ignore-all”；已忽略
counter.c.obj : error LNK2019: 无法解析的外部符号 set_number，该符号在函数 count 中被引用
counter.c.obj : error LNK2019: 无法解析的外部符号 get_number，该符号在函数 count 中被引用
counter.dll : fatal error LNK1120: 2 个无法解析的外部命令
[5/6] Linking C shared library number.dll
ninja: build stopped: subcommand failed.


RUN
---

Performing Test Weak Link MODULE -> SHARED (osx_dynamic_lookup) failed with the following output:
BUILD
-----
Change Dir: F:/jhc/pysilk/_skbuild/win-amd64-3.8/cmake-build/CMakeTmp/link_flags/osx_dynamic_lookup/MODULE/SHARED/build

Run Build Command(s):E:/Anaconda3/Library/bin/ninja.exe && [1/6] Building C object CMakeFiles\number.dir\number.c.obj
[2/6] Building C object CMakeFiles\counter.dir\counter.c.obj
[3/6] Building C object CMakeFiles\main.dir\main.c.obj
FAILED: CMakeFiles/main.dir/main.c.obj 
F:\vs2017\VC\Tools\MSVC\14.16.27023\bin\Hostx86\x64\cl.exe  /nologo -Dmain_EXPORTS -IF:\jhc\pysilk\_skbuild\win-amd64-3.8\cmake-build\CMakeTmp\link_flags\osx_dynamic_lookup\MODULE\SHARED\src /DWIN32 /D_WINDOWS /Zi /Ob0 /Od /RTC1 -MDd /showIncludes /FoCMakeFiles\main.dir\main.c.obj /FdCMakeFiles\main.dir\ /FS -c F:\jhc\pysilk\_skbuild\win-amd64-3.8\cmake-build\CMakeTmp\link_flags\osx_dynamic_lookup\MODULE\SHARED\src\main.c
F:\jhc\pysilk\_skbuild\win-amd64-3.8\cmake-build\CMakeTmp\link_flags\osx_dynamic_lookup\MODULE\SHARED\src\main.c(6): fatal error C1083: 无法打开包括文件: “dlfcn.h”: No such file or directory
[4/6] Linking C shared module counter.dll
FAILED: counter.dll 
cmd.exe /C "cd . && E:\Anaconda3\Library\bin\cmake.exe -E vs_link_dll --intdir=CMakeFiles\counter.dir --rc=F:\WINDOW~1\10\bin\100177~1.0\x86\rc.exe --mt=F:\WINDOW~1\10\bin\100177~1.0\x86\mt.exe --manifests  -- F:\vs2017\VC\Tools\MSVC\14.16.27023\bin\Hostx86\x64\link.exe /nologo CMakeFiles\counter.dir\counter.c.obj  /out:counter.dll /implib:counter.lib /pdb:counter.pdb /dll /version:0.0 /machine:x64 /debug /INCREMENTAL -undefined dynamic_lookup  kernel32.lib user32.lib gdi32.lib winspool.lib shell32.lib ole32.lib oleaut32.lib uuid.lib comdlg32.lib advapi32.lib  && cd ."
LINK Pass 1: command "F:\vs2017\VC\Tools\MSVC\14.16.27023\bin\Hostx86\x64\link.exe /nologo CMakeFiles\counter.dir\counter.c.obj /out:counter.dll /implib:counter.lib /pdb:counter.pdb /dll /version:0.0 /machine:x64 /debug /INCREMENTAL -undefined dynamic_lookup kernel32.lib user32.lib gdi32.lib winspool.lib shell32.lib ole32.lib oleaut32.lib uuid.lib comdlg32.lib advapi32.lib /MANIFEST /MANIFESTFILE:CMakeFiles\counter.dir/intermediate.manifest CMakeFiles\counter.dir/manifest.res" failed (exit code 1104) with the following output:
LINK : warning LNK4044: 无法识别的选项“/undefined”；已忽略
LINK : fatal error LNK1104: 无法打开文件“dynamic_lookup.obj”
[5/6] Linking C shared library number.dll
ninja: build stopped: subcommand failed.


RUN
---

Performing Test Weak Link MODULE -> SHARED (no_flag) failed with the following output:
BUILD
-----
Change Dir: F:/jhc/pysilk/_skbuild/win-amd64-3.8/cmake-build/CMakeTmp/link_flags/no_flag/MODULE/SHARED/build

Run Build Command(s):E:/Anaconda3/Library/bin/ninja.exe && [1/6] Building C object CMakeFiles\number.dir\number.c.obj
[2/6] Building C object CMakeFiles\counter.dir\counter.c.obj
[3/6] Building C object CMakeFiles\main.dir\main.c.obj
FAILED: CMakeFiles/main.dir/main.c.obj 
F:\vs2017\VC\Tools\MSVC\14.16.27023\bin\Hostx86\x64\cl.exe  /nologo -Dmain_EXPORTS -IF:\jhc\pysilk\_skbuild\win-amd64-3.8\cmake-build\CMakeTmp\link_flags\no_flag\MODULE\SHARED\src /DWIN32 /D_WINDOWS /Zi /Ob0 /Od /RTC1 -MDd /showIncludes /FoCMakeFiles\main.dir\main.c.obj /FdCMakeFiles\main.dir\ /FS -c F:\jhc\pysilk\_skbuild\win-amd64-3.8\cmake-build\CMakeTmp\link_flags\no_flag\MODULE\SHARED\src\main.c
F:\jhc\pysilk\_skbuild\win-amd64-3.8\cmake-build\CMakeTmp\link_flags\no_flag\MODULE\SHARED\src\main.c(6): fatal error C1083: 无法打开包括文件: “dlfcn.h”: No such file or directory
[4/6] Linking C shared module counter.dll
FAILED: counter.dll 
cmd.exe /C "cd . && E:\Anaconda3\Library\bin\cmake.exe -E vs_link_dll --intdir=CMakeFiles\counter.dir --rc=F:\WINDOW~1\10\bin\100177~1.0\x86\rc.exe --mt=F:\WINDOW~1\10\bin\100177~1.0\x86\mt.exe --manifests  -- F:\vs2017\VC\Tools\MSVC\14.16.27023\bin\Hostx86\x64\link.exe /nologo CMakeFiles\counter.dir\counter.c.obj  /out:counter.dll /implib:counter.lib /pdb:counter.pdb /dll /version:0.0 /machine:x64 /debug /INCREMENTAL  kernel32.lib user32.lib gdi32.lib winspool.lib shell32.lib ole32.lib oleaut32.lib uuid.lib comdlg32.lib advapi32.lib  && cd ."
LINK Pass 1: command "F:\vs2017\VC\Tools\MSVC\14.16.27023\bin\Hostx86\x64\link.exe /nologo CMakeFiles\counter.dir\counter.c.obj /out:counter.dll /implib:counter.lib /pdb:counter.pdb /dll /version:0.0 /machine:x64 /debug /INCREMENTAL kernel32.lib user32.lib gdi32.lib winspool.lib shell32.lib ole32.lib oleaut32.lib uuid.lib comdlg32.lib advapi32.lib /MANIFEST /MANIFESTFILE:CMakeFiles\counter.dir/intermediate.manifest CMakeFiles\counter.dir/manifest.res" failed (exit code 1120) with the following output:
counter.c.obj : error LNK2019: 无法解析的外部符号 set_number，该符号在函数 count 中被引用
counter.c.obj : error LNK2019: 无法解析的外部符号 get_number，该符号在函数 count 中被引用
counter.dll : fatal error LNK1120: 2 个无法解析的外部命令
[5/6] Linking C shared library number.dll
ninja: build stopped: subcommand failed.


RUN
---

